app/build/intermediates/manifest_merge_blame_file/debug/manifest-merger-blame-debug-report.txt
1<?xml version="1.0" encoding="utf-8"?>
2<manifest xmlns:android="http://schemas.android.com/apk/res/android"
3    package="com.ujjwal.instagram"
4    android:versionCode="1"
5    android:versionName="1.0" >
6
7    <uses-sdk
8        android:minSdkVersion="21"
8-->src\main\AndroidManifest.xml
9        android:targetSdkVersion="29" />
9-->src\main\AndroidManifest.xml
10
11    <uses-permission android:name="android.permission.INTERNET" />
11-->src\main\AndroidManifest.xml:5:5-67
11-->src\main\AndroidManifest.xml:5:22-64
12    <uses-permission android:name="android.permission.ACCESS_NETWORK_STATE" />
12-->src\main\AndroidManifest.xml:6:5-79
12-->src\main\AndroidManifest.xml:6:22-76
13
14    <application
14-->src\main\AndroidManifest.xml:8:5-33:19
15        android:allowBackup="true"
15-->src\main\AndroidManifest.xml:9:9-35
16        android:appComponentFactory="androidx.core.app.CoreComponentFactory"
16-->[androidx.core:core:1.1.0] AndroidManifest.xml:24:18-86
17        android:debuggable="true"
18        android:icon="@mipmap/ic_launcher"
18-->src\main\AndroidManifest.xml:10:9-43
19        android:label="@string/app_name"
19-->src\main\AndroidManifest.xml:11:9-41
20        android:roundIcon="@mipmap/ic_launcher_round"
20-->src\main\AndroidManifest.xml:12:9-54
21        android:supportsRtl="true"
21-->src\main\AndroidManifest.xml:13:9-35
22        android:testOnly="true"
23        android:theme="@style/AppTheme"
23-->src\main\AndroidManifest.xml:14:9-40
24        android:usesCleartextTraffic="true" >
24-->src\main\AndroidManifest.xml:15:9-44
25        <activity android:name="com.ujjwal.instagram.activities.RegisterIIActivity" />
25-->src\main\AndroidManifest.xml:16:9-96
25-->src\main\AndroidManifest.xml:16:19-84
26        <activity
26-->src\main\AndroidManifest.xml:17:9-19:72
27            android:name="com.ujjwal.instagram.activities.RegisterActivity"
27-->src\main\AndroidManifest.xml:18:13-76
28            android:theme="@style/Theme.AppCompat.Light.NoActionBar" />
28-->src\main\AndroidManifest.xml:19:13-69
29        <activity
29-->src\main\AndroidManifest.xml:20:9-22:66
30            android:name="com.ujjwal.instagram.activities.LoginActivity"
30-->src\main\AndroidManifest.xml:21:13-73
31            android:theme="@style/Theme.AppCompat.NoActionBar" />
31-->src\main\AndroidManifest.xml:22:13-63
32        <activity
32-->src\main\AndroidManifest.xml:23:9-31:20
33            android:name="com.ujjwal.instagram.activities.SplashScreenActivity"
33-->src\main\AndroidManifest.xml:24:13-80
34            android:theme="@style/Theme.AppCompat.NoActionBar" >
34-->src\main\AndroidManifest.xml:25:13-63
35            <intent-filter>
35-->src\main\AndroidManifest.xml:26:13-30:29
36                <action android:name="android.intent.action.MAIN" />
36-->src\main\AndroidManifest.xml:27:17-69
36-->src\main\AndroidManifest.xml:27:25-66
37
38                <category android:name="android.intent.category.LAUNCHER" />
38-->src\main\AndroidManifest.xml:29:17-77
38-->src\main\AndroidManifest.xml:29:27-74
39            </intent-filter>
40        </activity>
41        <activity android:name="com.ujjwal.instagram.activities.MainActivity" />
41-->src\main\AndroidManifest.xml:32:9-81
41-->src\main\AndroidManifest.xml:32:19-78
42
43        <provider
43-->[androidx.lifecycle:lifecycle-process:2.1.0] AndroidManifest.xml:23:9-27:43
44            android:name="androidx.lifecycle.ProcessLifecycleOwnerInitializer"
44-->[androidx.lifecycle:lifecycle-process:2.1.0] AndroidManifest.xml:24:13-79
45            android:authorities="com.ujjwal.instagram.lifecycle-process"
45-->[androidx.lifecycle:lifecycle-process:2.1.0] AndroidManifest.xml:25:13-69
46            android:exported="false"
46-->[androidx.lifecycle:lifecycle-process:2.1.0] AndroidManifest.xml:26:13-37
47            android:multiprocess="true" />
47-->[androidx.lifecycle:lifecycle-process:2.1.0] AndroidManifest.xml:27:13-40
48    </application>
49
50</manifest>